{"level":"info","message":"GET: URL - /news","timestamp":"2019-11-30T00:16:47.209Z"}
{"level":"info","message":"GET: URL - /news/5c40662730b98800044fb641","timestamp":"2019-11-30T00:17:47.872Z"}
{"level":"info","message":"GET: URL - /news/5c40662730b98800044fb641","timestamp":"2019-11-30T00:17:51.965Z"}
{"level":"info","message":"ERROR: Not found! - GET: URL - /news/5c40662730b98800044fb642","timestamp":"2019-11-30T00:17:59.531Z"}
{"level":"info","message":"ERROR: Not found! - GET: URL - /news/5c40662730b98800044fb642","timestamp":"2019-12-01T00:18:01.292Z"}
{"level":"info","message":"GET: URL - /news","timestamp":"2019-12-01T00:18:45.470Z"}
{"level":"info","message":"GET: URL - /news","timestamp":"2019-12-01T00:50:10.189Z"}
{"level":"info","message":"GET: URL - /news","timestamp":"2019-12-01T00:50:52.108Z"}
{"level":"info","message":"ERROR: Unknown authentication strategy \"local\" - GET: URL - /news","timestamp":"2019-12-01T00:55:20.332Z"}
{"level":"info","message":"ERROR: Unknown authentication strategy \"local\" - GET: URL - /news","timestamp":"2019-12-01T00:59:39.673Z"}
{"level":"info","message":"ERROR: Unknown authentication strategy \"local\" - GET: URL - /news","timestamp":"2019-12-01T00:59:44.466Z"}
{"level":"info","message":"GET: URL - /news","timestamp":"2019-12-01T01:00:19.525Z"}
{"level":"info","message":"ERROR: Unknown authentication strategy \"local\" - GET: URL - /news","timestamp":"2019-12-01T01:01:26.212Z"}
{"level":"info","message":"GET: URL - /favicon.ico","timestamp":"2019-12-01T01:14:09.594Z"}
{"level":"info","message":"GET: URL - /favicon.ico","timestamp":"2019-12-01T01:14:33.431Z"}
{"level":"info","message":"GET: URL - /favicon.ico","timestamp":"2019-12-01T01:15:27.710Z"}
{"level":"info","message":"GET: URL - /news","timestamp":"2019-12-01T01:16:48.896Z"}
{"level":"info","message":"GET: URL - /favicon.ico","timestamp":"2019-12-01T01:26:45.941Z"}
{"level":"info","message":"GET: URL - /favicon.ico","timestamp":"2019-12-01T01:33:27.469Z"}
{"level":"info","message":"GET: URL - /favicon.ico","timestamp":"2019-12-01T13:11:46.675Z"}
{"level":"info","message":"GET: URL - /favicon.ico","timestamp":"2019-12-01T13:11:59.879Z"}
{"level":"info","message":"ERROR: User is not defined - PUT: URL - /news/5c40662730b98800044fb641?login=admin&password=admin&title=new","timestamp":"2019-12-01T13:18:28.795Z"}
{"level":"info","message":"PUT: URL - /news/5c40662730b98800044fb641?title=new","timestamp":"2019-12-01T13:22:31.664Z"}
{"level":"info","message":"PUT: URL - /news/5c40662730b98800044fb641","timestamp":"2019-12-01T13:23:29.637Z"}
{"level":"info","message":"PUT: URL - /news/5c40662730b98800044fb641","timestamp":"2019-12-01T13:25:14.315Z"}
{"level":"info","message":"GET: URL - /news","timestamp":"2019-12-01T13:30:41.460Z"}
{"level":"info","message":"GET: URL - /favicon.ico","timestamp":"2019-12-01T13:30:47.126Z"}
{"level":"info","message":"GET: URL - /registration","timestamp":"2019-12-01T14:14:20.127Z"}
{"level":"info","message":"GET: URL - /registration","timestamp":"2019-12-01T14:15:25.558Z"}
{"level":"info","message":"GET: URL - /registration","timestamp":"2019-12-01T14:17:06.790Z"}
{"level":"info","message":"GET: URL - /news","timestamp":"2019-12-01T14:24:46.777Z"}
{"level":"info","message":"GET: URL - /favicon.ico","timestamp":"2019-12-01T14:24:49.374Z"}
{"level":"info","message":"PUT: URL - /news/5c40662730b98800044fb641","timestamp":"2019-12-01T14:41:22.918Z"}
{"level":"info","message":"PUT: URL - /news/5c40662730b98800044fb641","timestamp":"2019-12-01T14:42:25.443Z"}
{"level":"info","message":"PUT: URL - /news/5c40662730b98800044fb641","timestamp":"2019-12-01T14:42:28.817Z"}
{"level":"info","message":"PUT: URL - /news/5c40662730b98800044fb641","timestamp":"2019-12-01T14:49:36.746Z"}
{"level":"info","message":"GET: URL - /registration","timestamp":"2019-12-01T14:51:40.706Z"}
{"level":"info","message":"GET: URL - /favicon.ico","timestamp":"2019-12-01T14:51:41.597Z"}
{"level":"info","message":"GET: URL - /registration","timestamp":"2019-12-01T14:51:43.134Z"}
{"level":"info","message":"GET: URL - /favicon.ico","timestamp":"2019-12-01T14:51:43.957Z"}
{"level":"info","message":"GET: URL - /registration","timestamp":"2019-12-01T14:51:46.269Z"}
{"level":"info","message":"GET: URL - /favicon.ico","timestamp":"2019-12-01T14:51:47.100Z"}
{"level":"info","message":"GET: URL - /registration","timestamp":"2019-12-01T14:51:59.554Z"}
{"level":"info","message":"GET: URL - /favicon.ico","timestamp":"2019-12-01T14:52:00.344Z"}
{"level":"info","message":"GET: URL - /registration","timestamp":"2019-12-01T14:57:39.223Z"}
{"level":"info","message":"GET: URL - /favicon.ico","timestamp":"2019-12-01T14:57:40.337Z"}
{"level":"info","message":"GET: URL - /registration","timestamp":"2019-12-01T14:58:48.162Z"}
{"level":"info","message":"GET: URL - /registration","timestamp":"2019-12-01T15:00:24.317Z"}
{"level":"info","message":"GET: URL - /registration","timestamp":"2019-12-01T15:00:28.083Z"}
{"level":"info","message":"GET: URL - /registration","timestamp":"2019-12-01T15:03:09.572Z"}
{"level":"info","message":"GET: URL - /favicon.ico","timestamp":"2019-12-01T15:03:10.411Z"}
{"level":"info","message":"GET: URL - /registration","timestamp":"2019-12-01T15:03:13.581Z"}
{"level":"info","message":"GET: URL - /favicon.ico","timestamp":"2019-12-01T15:03:14.392Z"}
{"level":"info","message":"GET: URL - /registration","timestamp":"2019-12-01T15:03:20.778Z"}
{"level":"info","message":"GET: URL - /favicon.ico","timestamp":"2019-12-01T15:03:21.582Z"}
{"level":"info","message":"GET: URL - /registration","timestamp":"2019-12-01T15:29:12.458Z"}
{"level":"info","message":"GET: URL - /registration","timestamp":"2019-12-01T15:30:31.663Z"}
{"level":"info","message":"GET: URL - /registration","timestamp":"2019-12-01T15:30:34.081Z"}
{"level":"info","message":"GET: URL - /registration","timestamp":"2019-12-01T15:30:36.191Z"}
{"level":"info","message":"GET: URL - /registration","timestamp":"2019-12-01T15:31:28.442Z"}
{"level":"info","message":"GET: URL - /registration","timestamp":"2019-12-01T15:31:31.668Z"}
{"level":"info","message":"PUT: URL - /news/5c40662730b98800044fb641","timestamp":"2019-12-01T15:34:10.909Z"}
{"level":"info","message":"PUT: URL - /news/5c40662730b98800044fb641","timestamp":"2019-12-01T15:35:51.911Z"}
{"level":"info","message":"PUT: URL - /news/5c40662730b98800044fb641","timestamp":"2019-12-01T15:36:34.305Z"}
{"level":"info","message":"PUT: URL - /news/5c40662730b98800044fb641","timestamp":"2019-12-01T15:36:45.381Z"}
{"level":"info","message":"PUT: URL - /news/5c40662730b98800044fb641","timestamp":"2019-12-01T15:37:44.137Z"}
{"level":"info","message":"POST: URL - /authorization","timestamp":"2019-12-01T16:01:14.573Z"}
{"level":"info","message":"POST: URL - /authorization","timestamp":"2019-12-01T16:02:37.835Z"}
{"level":"info","message":"ERROR: Unexpected token } in JSON at position 24 - PUT: URL - /news/5c40662730b98800044fb641","timestamp":"2019-12-01T17:28:58.420Z"}
{"level":"info","message":"ERROR: HTTPStatus is not defined - PUT: URL - /news/5c40662730b98800044fb641","timestamp":"2019-12-01T22:44:15.538Z"}
{"level":"info","message":"ERROR: HTTPStatus is not defined - PUT: URL - /news/5c40662730b98800044fb641","timestamp":"2019-12-01T22:46:49.092Z"}
{"level":"info","message":"GET: URL - /news","timestamp":"2019-12-02T10:31:16.849Z"}
{"level":"info","message":"ERROR: userDB is not defined - GET: URL - /news","timestamp":"2019-12-02T10:44:24.239Z"}
{"level":"info","message":"ERROR: userDB is not defined - PUT: URL - /news/5c40662730b98800044fb641","timestamp":"2019-12-02T10:44:41.009Z"}
{"level":"info","message":"GET: URL - /news","timestamp":"2019-12-02T10:46:58.787Z"}
{"level":"info","message":"PUT: URL - /news/5c40662730b98800044fb641","timestamp":"2019-12-02T10:47:03.472Z"}
{"level":"info","message":"ERROR: user is not defined - POST: URL - /authorization","timestamp":"2019-12-02T10:50:27.974Z"}
{"level":"info","message":"ERROR: user is not defined - POST: URL - /authorization","timestamp":"2019-12-02T10:54:09.696Z"}
{"level":"info","message":"ERROR: user is not defined - POST: URL - /authorization","timestamp":"2019-12-02T10:55:56.735Z"}
{"level":"info","message":"ERROR: user is not defined - POST: URL - /authorization","timestamp":"2019-12-02T10:56:40.554Z"}
{"level":"info","message":"GET: URL - /news","timestamp":"2019-12-02T10:58:08.982Z"}
{"level":"info","message":"GET: URL - /news","timestamp":"2019-12-02T11:01:15.120Z"}
{"level":"info","message":"GET: URL - /news","timestamp":"2019-12-02T11:02:15.409Z"}
{"level":"info","message":"GET: URL - /news","timestamp":"2019-12-02T11:03:01.891Z"}
{"level":"info","message":"GET: URL - /news","timestamp":"2019-12-02T11:04:24.777Z"}
{"level":"info","message":"PUT: URL - /news/5c40662730b98800044fb641","timestamp":"2019-12-02T11:04:30.593Z"}
{"level":"info","message":"PUT: URL - /news/5c40662730b98800044fb641","timestamp":"2019-12-02T11:07:47.034Z"}
{"level":"info","message":"PUT: URL - /news/5c40662730b98800044fb641","timestamp":"2019-12-02T11:11:07.452Z"}
{"level":"info","message":"PUT: URL - /news/5c40662730b98800044fb641","timestamp":"2019-12-02T11:14:00.947Z"}
{"level":"info","message":"GET: URL - /news","timestamp":"2019-12-02T11:14:44.500Z"}
{"level":"info","message":"PUT: URL - /news/5c40662730b98800044fb641","timestamp":"2019-12-02T11:19:25.054Z"}
{"level":"info","message":"GET: URL - /news","timestamp":"2019-12-02T11:25:14.380Z"}
{"level":"info","message":"PUT: URL - /news/5c40662730b98800044fb641","timestamp":"2019-12-02T11:25:34.452Z"}
{"level":"info","message":"GET: URL - /news","timestamp":"2019-12-02T11:29:35.897Z"}
{"level":"info","message":"GET: URL - /news","timestamp":"2019-12-02T11:32:45.166Z"}
{"level":"info","message":"GET: URL - /news","timestamp":"2019-12-02T11:34:07.438Z"}
{"level":"info","message":"GET: URL - /news","timestamp":"2019-12-02T11:35:07.571Z"}
{"level":"info","message":"GET: URL - /news","timestamp":"2019-12-02T11:35:57.078Z"}
{"level":"info","message":"GET: URL - /news","timestamp":"2019-12-02T19:32:01.113Z"}
{"level":"info","message":"PUT: URL - /news/5c40662730b98800044fb641","timestamp":"2019-12-02T19:32:41.853Z"}
{"level":"info","message":"ERROR: Cannot set headers after they are sent to the client - PUT: URL - /news/5c40662730b98800044fb641","timestamp":"2019-12-02T19:50:19.233Z"}
{"level":"info","message":"ERROR: Cannot set headers after they are sent to the client - PUT: URL - /news/5c40662730b98800044fb641","timestamp":"2019-12-02T19:50:54.550Z"}
{"level":"info","message":"ERROR: Cannot set headers after they are sent to the client - PUT: URL - /news/5c40662730b98800044fb641","timestamp":"2019-12-02T19:51:33.477Z"}
{"level":"info","message":"ERROR: Cannot set headers after they are sent to the client - PUT: URL - /news/5c40662730b98800044fb641","timestamp":"2019-12-02T19:51:51.447Z"}
{"level":"info","message":"ERROR: Cannot set headers after they are sent to the client - PUT: URL - /news/5c40662730b98800044fb641","timestamp":"2019-12-02T19:53:23.680Z"}
{"level":"info","message":"POST: URL - /","timestamp":"2019-12-02T20:04:00.407Z"}
{"level":"info","message":"POST: URL - /","timestamp":"2019-12-02T20:04:14.345Z"}
{"level":"info","message":"POST: URL - /","timestamp":"2019-12-02T20:04:44.855Z"}
{"level":"info","message":"GET: URL - /news","timestamp":"2019-12-02T20:04:44.977Z"}
{"level":"info","message":"PUT: URL - /news/5c40662730b98800044fb641","timestamp":"2019-12-02T20:04:51.450Z"}
{"level":"info","message":"PUT: URL - /news/5c40662730b98800044fb641","timestamp":"2019-12-02T20:05:09.618Z"}
{"level":"info","message":"DELETE: URL - /news/5c40662730b98800044fb641","timestamp":"2019-12-02T20:05:37.951Z"}
{"level":"info","message":"POST: URL - /news/","timestamp":"2019-12-02T20:06:38.946Z"}
{"level":"info","message":"GET: URL - /logout","timestamp":"2019-12-02T20:06:59.304Z"}
{"level":"info","message":"POST: URL - /","timestamp":"2019-12-02T20:09:39.837Z"}
{"level":"info","message":"GET: URL - /news","timestamp":"2019-12-02T20:09:39.953Z"}
{"level":"info","message":"PUT: URL - /news/5c40662730b98800044fb649","timestamp":"2019-12-02T20:09:48.313Z"}
{"level":"info","message":"PUT: URL - /news/5c40662730b98800044fb646","timestamp":"2019-12-02T20:10:32.372Z"}
{"level":"info","message":"PUT: URL - /news/5c40662730b98800044fb646","timestamp":"2019-12-02T20:11:01.054Z"}
{"level":"info","message":"PUT: URL - /news/5de56ece348b7836a0b23d16","timestamp":"2019-12-02T20:11:27.485Z"}
{"level":"info","message":"GET: URL - /logout","timestamp":"2019-12-02T20:23:09.579Z"}
{"level":"info","message":"POST: URL - /","timestamp":"2019-12-02T20:23:46.607Z"}
{"level":"info","message":"GET: URL - /news","timestamp":"2019-12-02T20:23:46.726Z"}
{"level":"info","message":"POST: URL - /news","timestamp":"2019-12-02T20:24:24.876Z"}
{"level":"info","message":"DELETE: URL - /news/5de572f801e0077afcfc0fed","timestamp":"2019-12-02T20:25:15.995Z"}
